<?xml version="1.0" encoding="UTF-8"?>
<!-- Generated by org.testng.reporters.JUnitReportReporter -->
<testsuite hostname="DESKTOP-BUC2KR9" failures="0" tests="1" name="com.flipKart.testScript" time="73.386" errors="0" timestamp="2023-03-02T21:33:17 PST" skipped="0">
  <testcase classname="com.flipKart.testScript" name="testcase" time="73.386"/>
  <system-out>
    <![CDATA[navigate to ipad page
select the min 20000 price in filter features]]>
  </system-out>
</testsuite> <!-- com.flipKart.testScript -->
